<?xml version="1.0" encoding="UTF-8"?>
<!-- Generated by org.testng.reporters.JUnitXMLReporter -->
<testsuite ignored="0" hostname="DESKTOP-LHJUU5I" failures="0" tests="1" name="EdgeTest" time="4.246" errors="0" timestamp="2023-02-13T20:32:21 IST">
  <testcase classname="HeenaKochharPom.VerifyHeaderTabs" name="@BeforeTest launchBrowser" time="4.175">
    <failure type="org.openqa.selenium.SessionNotCreatedException" message="session not created: This version of Microsoft Edge WebDriver only supports Microsoft Edge version 108
Current browser version is 110.0.1587.41 with binary path C:\Program Files (x86)\Microsoft\Edge\Application\msedge.exe
Build info: version: &amp;apos;3.141.59&amp;apos;, revision: &amp;apos;e82be7d358&amp;apos;, time: &amp;apos;2018-11-14T08:17:03&amp;apos;
System info: host: &amp;apos;DESKTOP-LHJUU5I&amp;apos;, ip: &amp;apos;192.168.1.6&amp;apos;, os.name: &amp;apos;Windows 10&amp;apos;, os.arch: &amp;apos;amd64&amp;apos;, os.version: &amp;apos;10.0&amp;apos;, java.version: &amp;apos;17.0.4.1&amp;apos;
Driver info: driver.version: EdgeDriver
remote stacktrace: Backtrace:
	Microsoft::Applications::Events::EventProperties::SetProperty [0x00007FF7788691D2+14306]
	Microsoft::Applications::Events::EventProperty::EventProperty [0x00007FF7787F0992+842866]
	(No symbol) [0x00007FF7784A1D90]
	(No symbol) [0x00007FF7784D3BBA]
	(No symbol) [0x00007FF7784CE895]
	(No symbol) [0x00007FF7784C9DCF]
	(No symbol) [0x00007FF77850E027]
	(No symbol) [0x00007FF77850D3BA]
	(No symbol) [0x00007FF778505B03]
	(No symbol) [0x00007FF7784D73B8]
	(No symbol) [0x00007FF7784D638E]
	(No symbol) [0x00007FF7784D7AE4]
	Microsoft::Applications::Events::EventProperty::EventProperty [0x00007FF77873FE18+119032]
	Microsoft::Applications::Events::EventProperty::EventProperty [0x00007FF77872D4D6+42934]
	Microsoft::Applications::Events::EventProperty::EventProperty [0x00007FF7787306EC+55756]
	(No symbol) [0x00007FF7785A7923]
	Microsoft::Applications::Events::EventProperty::EventProperty [0x00007FF7787F844A+874282]
	Microsoft::Applications::Events::EventProperty::EventProperty [0x00007FF7787FD544+895012]
	Microsoft::Applications::Events::EventProperty::EventProperty [0x00007FF7787FD69C+895356]
	Microsoft::Applications::Events::EventProperty::EventProperty [0x00007FF7788067BE+932510]
	BaseThreadInitThunk [0x00007FF92BAC7614+20]
	RtlUserThreadStart [0x00007FF92C2026A1+33]
">
      <![CDATA[org.openqa.selenium.SessionNotCreatedException: session not created: This version of Microsoft Edge WebDriver only supports Microsoft Edge version 108
Current browser version is 110.0.1587.41 with binary path C:\Program Files (x86)\Microsoft\Edge\Application\msedge.exe
Build info: version: '3.141.59', revision: 'e82be7d358', time: '2018-11-14T08:17:03'
System info: host: 'DESKTOP-LHJUU5I', ip: '192.168.1.6', os.name: 'Windows 10', os.arch: 'amd64', os.version: '10.0', java.version: '17.0.4.1'
Driver info: driver.version: EdgeDriver
remote stacktrace: Backtrace:
Microsoft::Applications::Events::EventProperties::SetProperty [0x00007FF7788691D2+14306]
Microsoft::Applications::Events::EventProperty::EventProperty [0x00007FF7787F0992+842866]
(No symbol) [0x00007FF7784A1D90]
(No symbol) [0x00007FF7784D3BBA]
(No symbol) [0x00007FF7784CE895]
(No symbol) [0x00007FF7784C9DCF]
(No symbol) [0x00007FF77850E027]
(No symbol) [0x00007FF77850D3BA]
(No symbol) [0x00007FF778505B03]
(No symbol) [0x00007FF7784D73B8]
(No symbol) [0x00007FF7784D638E]
(No symbol) [0x00007FF7784D7AE4]
Microsoft::Applications::Events::EventProperty::EventProperty [0x00007FF77873FE18+119032]
Microsoft::Applications::Events::EventProperty::EventProperty [0x00007FF77872D4D6+42934]
Microsoft::Applications::Events::EventProperty::EventProperty [0x00007FF7787306EC+55756]
(No symbol) [0x00007FF7785A7923]
Microsoft::Applications::Events::EventProperty::EventProperty [0x00007FF7787F844A+874282]
Microsoft::Applications::Events::EventProperty::EventProperty [0x00007FF7787FD544+895012]
Microsoft::Applications::Events::EventProperty::EventProperty [0x00007FF7787FD69C+895356]
Microsoft::Applications::Events::EventProperty::EventProperty [0x00007FF7788067BE+932510]
BaseThreadInitThunk [0x00007FF92BAC7614+20]
RtlUserThreadStart [0x00007FF92C2026A1+33]

at org.openqa.selenium.remote.W3CHandshakeResponse.lambda$errorHandler$0(W3CHandshakeResponse.java:62)
at org.openqa.selenium.remote.HandshakeResponse.lambda$getResponseFunction$0(HandshakeResponse.java:30)
at org.openqa.selenium.remote.ProtocolHandshake.lambda$createSession$0(ProtocolHandshake.java:126)
at java.base/java.util.stream.ReferencePipeline$3$1.accept(ReferencePipeline.java:197)
at java.base/java.util.Spliterators$ArraySpliterator.tryAdvance(Spliterators.java:1002)
at java.base/java.util.stream.ReferencePipeline.forEachWithCancel(ReferencePipeline.java:129)
at java.base/java.util.stream.AbstractPipeline.copyIntoWithCancel(AbstractPipeline.java:527)
at java.base/java.util.stream.AbstractPipeline.copyInto(AbstractPipeline.java:513)
at java.base/java.util.stream.AbstractPipeline.wrapAndCopyInto(AbstractPipeline.java:499)
at java.base/java.util.stream.FindOps$FindOp.evaluateSequential(FindOps.java:150)
at java.base/java.util.stream.AbstractPipeline.evaluate(AbstractPipeline.java:234)
at java.base/java.util.stream.ReferencePipeline.findFirst(ReferencePipeline.java:647)
at org.openqa.selenium.remote.ProtocolHandshake.createSession(ProtocolHandshake.java:128)
at org.openqa.selenium.remote.ProtocolHandshake.createSession(ProtocolHandshake.java:74)
at org.openqa.selenium.remote.HttpCommandExecutor.execute(HttpCommandExecutor.java:136)
at org.openqa.selenium.remote.service.DriverCommandExecutor.execute(DriverCommandExecutor.java:83)
at org.openqa.selenium.remote.RemoteWebDriver.execute(RemoteWebDriver.java:552)
at org.openqa.selenium.remote.RemoteWebDriver.startSession(RemoteWebDriver.java:213)
at org.openqa.selenium.remote.RemoteWebDriver.<init>(RemoteWebDriver.java:131)
at org.openqa.selenium.edge.EdgeDriver.<init>(EdgeDriver.java:141)
at org.openqa.selenium.edge.EdgeDriver.<init>(EdgeDriver.java:96)
at Base.BrowserClass.openEdgeBrowser(BrowserClass.java:20)
at HeenaKochharPom.VerifyHeaderTabs.launchBrowser(VerifyHeaderTabs.java:47)
... Removed 29 stack frames]]>
    </failure>
  </testcase> <!-- @BeforeTest launchBrowser -->
  <testcase classname="HeenaKochharPom.VerifyHeaderTabs" name="@BeforeClass createPomObject" time="0.0">
    <skipped/>
  </testcase> <!-- @BeforeClass createPomObject -->
  <testcase classname="HeenaKochharPom.VerifyHeaderTabs" name="@BeforeMethod login" time="0.0">
    <skipped/>
  </testcase> <!-- @BeforeMethod login -->
  <testcase classname="HeenaKochharPom.VerifyHeaderTabs" name="@AfterMethod failedTest" time="0.0">
    <skipped/>
  </testcase> <!-- @AfterMethod failedTest -->
  <testcase classname="HeenaKochharPom.VerifyHeaderTabs" name="@AfterClass logout" time="0.0">
    <skipped/>
  </testcase> <!-- @AfterClass logout -->
  <testcase classname="HeenaKochharPom.VerifyHeaderTabs" name="@AfterTest closeBrowser" time="0.0">
    <skipped/>
  </testcase> <!-- @AfterTest closeBrowser -->
  <testcase classname="HeenaKochharPom.VerifyHeaderTabs" name="verifyHeadertext" time="0.0">
    <skipped/>
  </testcase> <!-- verifyHeadertext -->
</testsuite> <!-- EdgeTest -->
