<?xml version="1.0" encoding="UTF-8"?>
<!-- Generated by org.testng.reporters.JUnitXMLReporter -->
<testsuite ignored="0" hostname="DESKTOP-LHJUU5I" failures="0" tests="3" name="FirefoxTest" time="22.346" errors="0" timestamp="2023-02-01T16:42:32 IST">
  <testcase classname="HeenaKochharPom.VerifyLoginCredentials" name="@BeforeTest launchBrowser" time="21.953">
    <failure type="org.openqa.selenium.WebDriverException" message="java.net.ConnectException: Failed to connect to localhost/[0:0:0:0:0:0:0:1]:24111
Build info: version: &amp;apos;3.141.59&amp;apos;, revision: &amp;apos;e82be7d358&amp;apos;, time: &amp;apos;2018-11-14T08:17:03&amp;apos;
System info: host: &amp;apos;DESKTOP-LHJUU5I&amp;apos;, ip: &amp;apos;192.168.1.5&amp;apos;, os.name: &amp;apos;Windows 10&amp;apos;, os.arch: &amp;apos;amd64&amp;apos;, os.version: &amp;apos;10.0&amp;apos;, java.version: &amp;apos;17.0.4.1&amp;apos;
Driver info: driver.version: FirefoxDriver">
      <![CDATA[org.openqa.selenium.WebDriverException: java.net.ConnectException: Failed to connect to localhost/[0:0:0:0:0:0:0:1]:24111
Build info: version: '3.141.59', revision: 'e82be7d358', time: '2018-11-14T08:17:03'
System info: host: 'DESKTOP-LHJUU5I', ip: '192.168.1.5', os.name: 'Windows 10', os.arch: 'amd64', os.version: '10.0', java.version: '17.0.4.1'
Driver info: driver.version: FirefoxDriver
at org.openqa.selenium.remote.service.DriverCommandExecutor.execute(DriverCommandExecutor.java:92)
at org.openqa.selenium.remote.RemoteWebDriver.execute(RemoteWebDriver.java:552)
at org.openqa.selenium.remote.RemoteWebDriver.startSession(RemoteWebDriver.java:213)
at org.openqa.selenium.remote.RemoteWebDriver.<init>(RemoteWebDriver.java:131)
at org.openqa.selenium.firefox.FirefoxDriver.<init>(FirefoxDriver.java:147)
at org.openqa.selenium.firefox.FirefoxDriver.<init>(FirefoxDriver.java:125)
at HeenaKochharPom.VerifyLoginCredentials.launchBrowser(VerifyLoginCredentials.java:43)
at java.base/java.util.concurrent.FutureTask.run(FutureTask.java:264)
at java.base/java.util.concurrent.ThreadPoolExecutor.runWorker(ThreadPoolExecutor.java:1136)
at java.base/java.util.concurrent.ThreadPoolExecutor$Worker.run(ThreadPoolExecutor.java:635)
at java.base/java.lang.Thread.run(Thread.java:833)
Caused by: java.net.ConnectException: Failed to connect to localhost/[0:0:0:0:0:0:0:1]:24111
at okhttp3.internal.connection.RealConnection.connectSocket(RealConnection.java:247)
at okhttp3.internal.connection.RealConnection.connect(RealConnection.java:165)
at okhttp3.internal.connection.StreamAllocation.findConnection(StreamAllocation.java:257)
at okhttp3.internal.connection.StreamAllocation.findHealthyConnection(StreamAllocation.java:135)
at okhttp3.internal.connection.StreamAllocation.newStream(StreamAllocation.java:114)
at okhttp3.internal.connection.ConnectInterceptor.intercept(ConnectInterceptor.java:42)
at okhttp3.internal.http.RealInterceptorChain.proceed(RealInterceptorChain.java:147)
at okhttp3.internal.http.RealInterceptorChain.proceed(RealInterceptorChain.java:121)
at okhttp3.internal.cache.CacheInterceptor.intercept(CacheInterceptor.java:93)
at okhttp3.internal.http.RealInterceptorChain.proceed(RealInterceptorChain.java:147)
at okhttp3.internal.http.RealInterceptorChain.proceed(RealInterceptorChain.java:121)
at okhttp3.internal.http.BridgeInterceptor.intercept(BridgeInterceptor.java:93)
at okhttp3.internal.http.RealInterceptorChain.proceed(RealInterceptorChain.java:147)
at okhttp3.internal.http.RetryAndFollowUpInterceptor.intercept(RetryAndFollowUpInterceptor.java:126)
at okhttp3.internal.http.RealInterceptorChain.proceed(RealInterceptorChain.java:147)
at okhttp3.internal.http.RealInterceptorChain.proceed(RealInterceptorChain.java:121)
at okhttp3.RealCall.getResponseWithInterceptorChain(RealCall.java:200)
at okhttp3.RealCall.execute(RealCall.java:77)
at org.openqa.selenium.remote.internal.OkHttpClient.execute(OkHttpClient.java:103)
at org.openqa.selenium.remote.ProtocolHandshake.createSession(ProtocolHandshake.java:105)
at org.openqa.selenium.remote.ProtocolHandshake.createSession(ProtocolHandshake.java:74)
at org.openqa.selenium.remote.HttpCommandExecutor.execute(HttpCommandExecutor.java:136)
at org.openqa.selenium.remote.service.DriverCommandExecutor.execute(DriverCommandExecutor.java:83)
... 25 more
Caused by: java.net.ConnectException: Connection refused: no further information
at java.base/sun.nio.ch.Net.pollConnect(Native Method)
at java.base/sun.nio.ch.Net.pollConnectNow(Net.java:672)
at java.base/sun.nio.ch.NioSocketImpl.timedFinishConnect(NioSocketImpl.java:542)
at java.base/sun.nio.ch.NioSocketImpl.connect(NioSocketImpl.java:597)
at java.base/java.net.SocksSocketImpl.connect(SocksSocketImpl.java:327)
at java.base/java.net.Socket.connect(Socket.java:633)
at okhttp3.internal.platform.Platform.connectSocket(Platform.java:129)
at okhttp3.internal.connection.RealConnection.connectSocket(RealConnection.java:245)
... 47 more
... Removed 15 stack frames]]>
    </failure>
  </testcase> <!-- @BeforeTest launchBrowser -->
  <testcase classname="HeenaKochharPom.VerifyPasswordWithEmptyPassword" name="@BeforeTest launchBrowser" time="0.0">
    <skipped/>
  </testcase> <!-- @BeforeTest launchBrowser -->
  <testcase classname="HeenaKochharPom.VerifyUsernameWithEmptyUsername" name="@BeforeTest launchBrowser" time="0.0">
    <skipped/>
  </testcase> <!-- @BeforeTest launchBrowser -->
  <testcase classname="HeenaKochharPom.VerifyUsernameWithEmptyUsername" name="@BeforeClass createPomObject" time="0.0">
    <skipped/>
  </testcase> <!-- @BeforeClass createPomObject -->
  <testcase classname="HeenaKochharPom.VerifyUsernameWithEmptyUsername" name="@AfterClass clearMemory" time="0.0">
    <skipped/>
  </testcase> <!-- @AfterClass clearMemory -->
  <testcase classname="HeenaKochharPom.VerifyPasswordWithEmptyPassword" name="@BeforeClass createPomObject" time="0.0">
    <skipped/>
  </testcase> <!-- @BeforeClass createPomObject -->
  <testcase classname="HeenaKochharPom.VerifyPasswordWithEmptyPassword" name="@AfterClass clearMemory" time="0.0">
    <skipped/>
  </testcase> <!-- @AfterClass clearMemory -->
  <testcase classname="HeenaKochharPom.VerifyLoginCredentials" name="@BeforeClass createPomObject" time="0.0">
    <skipped/>
  </testcase> <!-- @BeforeClass createPomObject -->
  <testcase classname="HeenaKochharPom.VerifyLoginCredentials" name="@AfterClass clearMemory" time="0.0">
    <skipped/>
  </testcase> <!-- @AfterClass clearMemory -->
  <testcase classname="HeenaKochharPom.VerifyLoginCredentials" name="@AfterTest closeBrowser" time="0.0">
    <skipped/>
  </testcase> <!-- @AfterTest closeBrowser -->
  <testcase classname="HeenaKochharPom.VerifyPasswordWithEmptyPassword" name="@AfterTest closeBrowser" time="0.0">
    <skipped/>
  </testcase> <!-- @AfterTest closeBrowser -->
  <testcase classname="HeenaKochharPom.VerifyUsernameWithEmptyUsername" name="@AfterTest closeBrowser" time="0.0">
    <skipped/>
  </testcase> <!-- @AfterTest closeBrowser -->
  <testcase classname="HeenaKochharPom.VerifyUsernameWithEmptyUsername" name="verifyIncorrectPass" time="0.0">
    <skipped/>
  </testcase> <!-- verifyIncorrectPass -->
  <testcase classname="HeenaKochharPom.VerifyPasswordWithEmptyPassword" name="verifyIncorrectPass" time="0.0">
    <skipped/>
  </testcase> <!-- verifyIncorrectPass -->
  <testcase classname="HeenaKochharPom.VerifyLoginCredentials" name="verifyIncorrectPass" time="0.0">
    <skipped/>
  </testcase> <!-- verifyIncorrectPass -->
</testsuite> <!-- FirefoxTest -->
