<?xml version="1.0" encoding="UTF-8"?>
<!-- Generated by org.testng.reporters.JUnitXMLReporter -->
<testsuite ignored="4" hostname="DESKTOP-LHJUU5I" failures="0" tests="1" name="Test" time="39.999" errors="0" timestamp="2023-01-24T01:37:35 IST">
  <testcase classname="TestNgPack.verifyShoppingCartUpdate" name="verifyViewcart" time="5.021"/>
  <testcase classname="TestNgPack.verifyShoppingCartUpdate" name="verifyCloseButton" time="0.0">
    <ignored/>
  </testcase> <!-- verifyCloseButton -->
  <testcase classname="TestNgPack.verifyShoppingCartUpdate" name="verifyViewProduct" time="0.0">
    <ignored/>
  </testcase> <!-- verifyViewProduct -->
  <testcase classname="TestNgPack.verifyShoppingCartUpdate" name="verifyShoppingCartCheckout" time="0.0">
    <ignored/>
  </testcase> <!-- verifyShoppingCartCheckout -->
  <testcase classname="TestNgPack.verifyShoppingCartUpdate" name="verifyCancelProduct" time="0.0">
    <ignored/>
  </testcase> <!-- verifyCancelProduct -->
</testsuite> <!-- Test -->
